INFO:  2026/02/21 01:03:22 Logger started with log_level='TRACE'
LOG: 2026/02/21 01:03:22 [INFO]	Server starting...
LOG: 2026/02/21 01:03:22 [INFO]	Server started at ":8080"
LOG: 2026/02/21 01:04:50 [INFO:RECIVE]    [::1]:54168 - "GET /ysa"
TRACE: 2026/02/21 01:04:50 Request details:
Method: GET
Path: /ysa
Body: 
LOG: 2026/02/21 01:04:50 [INFO:COMPLETE]  [::1]:54168 - "GET /ysa" in 110.426µs
LOG: 2026/02/21 01:04:50 [INFO:RECIVE]    [::1]:54168 - "GET /favicon.ico"
TRACE: 2026/02/21 01:04:50 Request details:
Method: GET
Path: /favicon.ico
Body: 
LOG: 2026/02/21 01:04:50 [INFO:COMPLETE]  [::1]:54168 - "GET /favicon.ico" in 260.277µs
INFO:  2026/02/21 18:05:28 Logger started with log_level='TRACE'
LOG: 2026/02/21 18:05:28 [INFO]	Server starting...
LOG: 2026/02/21 18:05:28 [INFO]	Server started at "0.0.0.0:8080"
LOG: 2026/02/21 18:05:44 [INFO:RECIVE]    127.0.0.1:34586 - "GET /qwerty"
TRACE: 2026/02/21 18:05:44 Request details:
Method: GET
Path: /qwerty
Body: 
LOG: 2026/02/21 18:05:44 [INFO:COMPLETE]  127.0.0.1:34586 - "GET /qwerty" in 110.35µs
LOG: 2026/02/21 18:05:44 [INFO:RECIVE]    127.0.0.1:34586 - "GET /favicon.ico"
TRACE: 2026/02/21 18:05:44 Request details:
Method: GET
Path: /favicon.ico
Body: 
LOG: 2026/02/21 18:05:44 [INFO:COMPLETE]  127.0.0.1:34586 - "GET /favicon.ico" in 1.570018ms
